2021-07-27 00:06:14,339 - INFO : 
------------------------------------------------------------------------------
  PyXLL 

  Version          5.1.1
  Buildtime        2021-04-28 17:21
  Python version   3.8
  Excel version    16.0 (64 bit)

  www.pyxll.com
------------------------------------------------------------------------------
2021-07-27 00:06:14,339 - DEBUG : Config file 'C:\Users\ethan\Documents\simExcel\pyxll.cfg' read.
2021-07-27 00:06:14,339 - WARNING : Python executable 'C:\Program Files\Python38\python.exe' does not exist.
2021-07-27 00:06:14,339 - DEBUG : -------- PyXLL config --------
2021-07-27 00:06:14,348 - DEBUG : [LOG]
2021-07-27 00:06:14,348 - DEBUG : encoding = utf-8
2021-07-27 00:06:14,348 - DEBUG : file = pyxll.20210727.log
2021-07-27 00:06:14,348 - DEBUG : format = %(asctime)s - %(levelname)s : %(message)s
2021-07-27 00:06:14,348 - DEBUG : path = C:\Users\ethan\Documents\simExcel\logs
2021-07-27 00:06:14,348 - DEBUG : verbosity = debug
2021-07-27 00:06:14,348 - DEBUG : 
2021-07-27 00:06:14,348 - DEBUG : [PYTHON]
2021-07-27 00:06:14,348 - DEBUG : executable = C:\Program Files\Python38\python.exe
2021-07-27 00:06:14,348 - DEBUG : pythonpath = C:\Users\ethan\Documents\simExcel\examples
2021-07-27 00:06:14,348 - DEBUG : 
2021-07-27 00:06:14,348 - DEBUG : [PYXLL]
2021-07-27 00:06:14,348 - DEBUG : clear_object_cache_on_reload = 1
2021-07-27 00:06:14,348 - DEBUG : developer_mode = 1
2021-07-27 00:06:14,348 - DEBUG : error_handler = pyxll.error_handler
2021-07-27 00:06:14,348 - DEBUG : modules = 
2021-07-27 00:06:14,348 - DEBUG :     misc
2021-07-27 00:06:14,348 - DEBUG :     worksheetfuncs
2021-07-27 00:06:14,348 - DEBUG :     menus
2021-07-27 00:06:14,348 - DEBUG :     callbacks
2021-07-27 00:06:14,348 - DEBUG :     custom_task_panes
2021-07-27 00:06:14,348 - DEBUG :     test
2021-07-27 00:06:14,348 - DEBUG :     ribbon_functions
2021-07-27 00:06:14,349 - DEBUG :     debugging
2021-07-27 00:06:14,349 - DEBUG :     meta_variables
2021-07-27 00:06:14,349 - DEBUG : ribbon = C:\Users\ethan\Documents\simExcel\examples\ribbon\custom.xml
2021-07-27 00:06:14,349 - DEBUG : ------------------------------
2021-07-27 00:06:14,349 - DEBUG : Prepending 'C:\Users\ethan\Documents\simExcel\examples' to the pythonpath.
2021-07-27 00:06:14,349 - DEBUG : Initializing PyXLL Python module.
2021-07-27 00:06:14,349 - DEBUG : pyxll.__file__ = C:\Users\ethan\Documents\simExcel\pyxll.xll
2021-07-27 00:06:14,355 - DEBUG : PyXLL Python module initialized.
2021-07-27 00:06:14,362 - DEBUG : Functions will not be cancellable by default.
2021-07-27 00:06:14,364 - DEBUG : Error handler set to pyxll.error_handler
2021-07-27 00:06:14,364 - DEBUG : Finding import dependencies for misc,worksheetfuncs,menus,callbacks,custom_task_panes,test,ribbon_functions,debugging,meta_variables
2021-07-27 00:06:14,425 - DEBUG : Found dependencies: misc,worksheetfuncs,menus,callbacks,custom_task_panes,test,meta_variables,error_functions,tkinter_frames,examples.tkinter_frames,examples,ribbon_functions,debugging
2021-07-27 00:06:14,425 - DEBUG : Reloading misc
2021-07-27 00:06:14,440 - DEBUG : Found worksheet function 'pyxll_version() -> var'
2021-07-27 00:06:14,440 - DEBUG : Found worksheet function 'python_version() -> var'
2021-07-27 00:06:14,440 - DEBUG : Found worksheet function 'win32api_is_installed() -> var'
2021-07-27 00:06:14,440 - DEBUG : Found worksheet function 'win32com_is_installed() -> var'
2021-07-27 00:06:14,440 - DEBUG : Found worksheet function 'numpy_is_installed() -> var'
2021-07-27 00:06:14,440 - DEBUG : Found worksheet function 'pyxll_logfile() -> var'
2021-07-27 00:06:14,440 - DEBUG : Found worksheet function 'get_formula(cell: xl_cell) -> str'
2021-07-27 00:06:14,440 - DEBUG : Found worksheet function 'get_array_formula(cell: xl_cell) -> str'
2021-07-27 00:06:14,440 - DEBUG : Found worksheet function 'get_last_error(cell: xl_cell) -> str'
2021-07-27 00:06:14,440 - DEBUG : Reloaded misc
2021-07-27 00:06:14,440 - DEBUG : Reloading worksheetfuncs
2021-07-27 00:06:14,440 - DEBUG : Found worksheet function 'basic_pyxll_function_1(x: var, y: var, z: var) -> var'
2021-07-27 00:06:14,440 - DEBUG : Found worksheet function 'basic_pyxll_function_2(x: int, y: float, z: bool) -> float'
2021-07-27 00:06:14,440 - DEBUG : Found worksheet function 'basic_pyxll_function_3(x: var) -> var'
2021-07-27 00:06:14,440 - DEBUG : Found worksheet function 'var_pyxll_function_1(x: var) -> str'
2021-07-27 00:06:14,440 - DEBUG : Found worksheet function 'var_pyxll_function_2(x: bool) -> var'
2021-07-27 00:06:14,440 - DEBUG : Found worksheet function 'datetime_pyxll_function_1(x: date) -> str'
2021-07-27 00:06:14,440 - DEBUG : Found worksheet function 'datetime_pyxll_function_2(x: time) -> str'
2021-07-27 00:06:14,440 - DEBUG : Found worksheet function 'datetime_pyxll_function_3(x: datetime) -> str'
2021-07-27 00:06:14,440 - DEBUG : Found worksheet function 'datetime_pyxll_function_4(x: datetime[][]) -> datetime'
2021-07-27 00:06:14,440 - DEBUG : Found worksheet function 'xl_cell_example(cell: xl_cell) -> str'
2021-07-27 00:06:14,440 - DEBUG : Found worksheet function 'recalc_on_open_test() -> var'
2021-07-27 00:06:14,440 - DEBUG : Found worksheet function 'formatted_datetime_pyxll_function() -> var'
2021-07-27 00:06:14,440 - DEBUG : Found worksheet function 'formatted_datetime_pyxll_function_2() -> var'
2021-07-27 00:06:14,440 - DEBUG : Reloaded worksheetfuncs
2021-07-27 00:06:14,440 - DEBUG : Reloading menus
2021-07-27 00:06:14,440 - DEBUG : Found menu item 'Example Menu Item 1' in 'None' mapped to 'on_example_menu_item_1'
2021-07-27 00:06:14,440 - DEBUG : Found menu item 'Another example menu item' in 'None' mapped to 'on_example_menu_item_2'
2021-07-27 00:06:14,440 - DEBUG : Found menu item 'Click me' in 'PyXLL example menu' mapped to 'on_example_menu_item_3'
2021-07-27 00:06:14,440 - DEBUG : Found menu item 'Click me' in 'None/More Examples' mapped to 'on_example_submenu_item_1'
2021-07-27 00:06:14,440 - DEBUG : Found menu item 'Unicode Test' in 'None/More Examples' mapped to 'on_unicode_test'
2021-07-27 00:06:14,440 - DEBUG : Found menu item 'Open log file' in 'None' mapped to 'on_open_logfile'
2021-07-27 00:06:14,448 - DEBUG : Found menu item 'Show last error' in 'None' mapped to 'show_last_error'
2021-07-27 00:06:14,448 - DEBUG : Reloaded menus
2021-07-27 00:06:14,448 - DEBUG : Reloading callbacks
2021-07-27 00:06:14,448 - DEBUG : Reloaded callbacks
2021-07-27 00:06:14,448 - DEBUG : Reloading custom_task_panes
2021-07-27 00:06:14,449 - DEBUG : Found menu item 'Tk' in 'None/Custom Task Panes' mapped to 'tk_ctp_menu'
2021-07-27 00:06:14,449 - DEBUG : Found menu item 'Qt' in 'None/Custom Task Panes' mapped to 'qt_ctp_menu'
2021-07-27 00:06:14,449 - DEBUG : Found menu item 'Wx' in 'None/Custom Task Panes' mapped to 'wx_ctp_menu'
2021-07-27 00:06:14,449 - DEBUG : Reloaded custom_task_panes
2021-07-27 00:06:14,449 - DEBUG : Reloading test
2021-07-27 00:06:14,449 - DEBUG : Reloaded test
2021-07-27 00:06:14,449 - DEBUG : Reloading meta_variables
2021-07-27 00:06:14,463 - DEBUG : Reloaded meta_variables
2021-07-27 00:06:14,464 - DEBUG : Reloading dependency error_functions
2021-07-27 00:06:14,493 - DEBUG : Reloaded dependency error_functions
2021-07-27 00:06:14,493 - DEBUG : Reloading dependency tkinter_frames
2021-07-27 00:06:14,494 - DEBUG : Reloaded dependency tkinter_frames
2021-07-27 00:06:14,495 - DEBUG : Reloading dependency examples.tkinter_frames
2021-07-27 00:06:14,495 - DEBUG : Reloaded dependency examples.tkinter_frames
2021-07-27 00:06:14,495 - DEBUG : Reloading dependency examples
2021-07-27 00:06:14,495 - DEBUG : Reloaded dependency examples
2021-07-27 00:06:14,495 - DEBUG : Reloading ribbon_functions
2021-07-27 00:06:14,503 - DEBUG : Found worksheet function 'one_cell_one_sim(input_string: var = {'N': {'num_params': 2, 'scipy_handle': <scipy.stats._continuous_distns.norm_gen object at 0x00000187FA3CE550>, 'params': 'mean, variance', 'Name': 'Normal Distribution'}, 'C': {'num_params': 2, 'scipy_handle': <scipy.stats._continuous_distns.cauchy_gen object at 0x00000187FA435070>, 'params': 'mean, scaling', 'Name': 'Cauchy'}, 'E': {'num_params': 2, 'scipy_handle': <scipy.stats._continuous_distns.expon_gen object at 0x00000187FA442070>, 'params': 'loc, scale', 'Name': 'Exponential'}, 'U': {'num_params': 2, 'scipy_handle': <scipy.stats._continuous_distns.uniform_gen object at 0x00000187FA4CD9A0>, 'params': 'loc, scale', 'Name': 'Uniform'}, 'L': {'num_params': 2, 'scipy_handle': <scipy.stats._continuous_distns.laplace_gen object at 0x00000187FA47BCA0>, 'params': 'loc, scale', 'Name': 'Laplce'}, 'Semicircular': {'num_params': 2, 'scipy_handle': <scipy.stats._continuous_distns.semicircular_gen object at 0x00000187FA4C5160>, 'params': 'loc, scale', 'Name': 'Semicircular'}, 'Gumble_r': {'num_params': 2, 'scipy_handle': <scipy.stats._continuous_distns.gumbel_r_gen object at 0x00000187FA463670>, 'params': 'loc, scale', 'Name': 'Gumble_r'}, 'T': {'num_params': 3, 'scipy_handle': <scipy.stats._continuous_distns.triang_gen object at 0x00000187FA4C5FA0>, 'params': 'c, loc, scale', 'Name': 'Triangular'}, 'Rice': {'num_params': 3, 'scipy_handle': <scipy.stats._continuous_distns.rice_gen object at 0x00000187FA4B8DC0>, 'params': 'b, loc, scale', 'Name': 'Rice'}, 'Power_law': {'num_params': 3, 'scipy_handle': <scipy.stats._continuous_distns.powerlaw_gen object at 0x00000187FA4A9AF0>, 'params': 'a, loc, scale', 'Name': 'Power law'}, 'Pareto': {'num_params': 3, 'scipy_handle': <scipy.stats._continuous_distns.pareto_gen object at 0x00000187FA4A9100>, 'params': 'b, loc, scale', 'Name': 'Pareto'}, 'Nakagami': {'num_params': 3, 'scipy_handle': <scipy.stats._continuous_distns.nakagami_gen object at 0x00000187FA4913A0>, 'params': 'nu, loc, scale', 'Name': 'Nakagami'}, 'Bprime': {'num_params': 4, 'scipy_handle': <scipy.stats._continuous_distns.betaprime_gen object at 0x00000187FA4263D0>, 'params': 'a, b, loc, scale', 'Name': 'Beta prime'}, 'Mielke': {'num_params': 4, 'scipy_handle': <scipy.stats._continuous_distns.mielke_gen object at 0x00000187FA4979D0>, 'params': 'k, s, loc, scale', 'Name': 'Mielke'}}, distributions_dictionary: var = {'N': {'num_params': 2, 'scipy_handle': <scipy.stats._continuous_distns.norm_gen object at 0x00000187FA3CE550>, 'params': 'mean, variance', 'Name': 'Normal Distribution'}, 'C': {'num_params': 2, 'scipy_handle': <scipy.stats._continuous_distns.cauchy_gen object at 0x00000187FA435070>, 'params': 'mean, scaling', 'Name': 'Cauchy'}, 'E': {'num_params': 2, 'scipy_handle': <scipy.stats._continuous_distns.expon_gen object at 0x00000187FA442070>, 'params': 'loc, scale', 'Name': 'Exponential'}, 'U': {'num_params': 2, 'scipy_handle': <scipy.stats._continuous_distns.uniform_gen object at 0x00000187FA4CD9A0>, 'params': 'loc, scale', 'Name': 'Uniform'}, 'L': {'num_params': 2, 'scipy_handle': <scipy.stats._continuous_distns.laplace_gen object at 0x00000187FA47BCA0>, 'params': 'loc, scale', 'Name': 'Laplce'}, 'Semicircular': {'num_params': 2, 'scipy_handle': <scipy.stats._continuous_distns.semicircular_gen object at 0x00000187FA4C5160>, 'params': 'loc, scale', 'Name': 'Semicircular'}, 'Gumble_r': {'num_params': 2, 'scipy_handle': <scipy.stats._continuous_distns.gumbel_r_gen object at 0x00000187FA463670>, 'params': 'loc, scale', 'Name': 'Gumble_r'}, 'T': {'num_params': 3, 'scipy_handle': <scipy.stats._continuous_distns.triang_gen object at 0x00000187FA4C5FA0>, 'params': 'c, loc, scale', 'Name': 'Triangular'}, 'Rice': {'num_params': 3, 'scipy_handle': <scipy.stats._continuous_distns.rice_gen object at 0x00000187FA4B8DC0>, 'params': 'b, loc, scale', 'Name': 'Rice'}, 'Power_law': {'num_params': 3, 'scipy_handle': <scipy.stats._continuous_distns.powerlaw_gen object at 0x00000187FA4A9AF0>, 'params': 'a, loc, scale', 'Name': 'Power law'}, 'Pareto': {'num_params': 3, 'scipy_handle': <scipy.stats._continuous_distns.pareto_gen object at 0x00000187FA4A9100>, 'params': 'b, loc, scale', 'Name': 'Pareto'}, 'Nakagami': {'num_params': 3, 'scipy_handle': <scipy.stats._continuous_distns.nakagami_gen object at 0x00000187FA4913A0>, 'params': 'nu, loc, scale', 'Name': 'Nakagami'}, 'Bprime': {'num_params': 4, 'scipy_handle': <scipy.stats._continuous_distns.betaprime_gen object at 0x00000187FA4263D0>, 'params': 'a, b, loc, scale', 'Name': 'Beta prime'}, 'Mielke': {'num_params': 4, 'scipy_handle': <scipy.stats._continuous_distns.mielke_gen object at 0x00000187FA4979D0>, 'params': 'k, s, loc, scale', 'Name': 'Mielke'}}) -> var'
2021-07-27 00:06:14,503 - DEBUG : Found worksheet function 'one_row_one_sim(input_row: var) -> var'
2021-07-27 00:06:14,505 - DEBUG : Reloaded ribbon_functions
2021-07-27 00:06:14,505 - DEBUG : Reloading debugging
2021-07-27 00:06:14,505 - DEBUG : Found menu item 'Attach To VS Code' in 'None' mapped to 'vscode_enable_attach'
2021-07-27 00:06:14,505 - DEBUG : Reloaded debugging
2021-07-27 00:06:14,549 - DEBUG : Reading ribbon XML file 'C:\Users\ethan\Documents\simExcel\examples\ribbon\custom.xml'
2021-07-27 00:06:14,557 - DEBUG : <customUI xmlns="http://schemas.microsoft.com/office/2006/01/customui" loadImage="pyxll.load_image">
	<ribbon>
		<tabs>
			<tab id="CustomTab" label="Custom Tab">
				<group id="ContentGroup" label="Content">
					<button id="addOne" label="Add one" onAction="ribbon_functions.on_text_button"/>
					<button id="plotDistribution" label="Visualize distribution" onAction="ribbon_functions.display_distribution"/>
					<button id="distributionInfo" label="Distribution info" onAction="ribbon_functions.distribution_info"/>
				</group>
				<group id="Tools" label="Tools">
					<button id="Reload" image="C:\Users\ethan\Documents\simExcel\examples\ribbon\icons\reload.png" label="Reload PyXLL" onAction="pyxll.reload" size="large"/>
				</group>
				<group id="DistributionData" label="input distribution">
					<button id="NormalDistribution" label="Normal" onAction="ribbon_functions.inputNormal"/>
					<button id="TriangularDistribution" label="Triangular" onAction="ribbon_functions.inputTriangular"/>
					<button id="ExponentialDistribution" label="Exponential" onAction="ribbon_functions.inputExponential"/>
					<button id="UniformDistribution" label="Uniform" onAction="ribbon_functions.inputUniform"/>
					<button id="SemicircularDistribution" label="Semicircular" onAction="ribbon_functions.inputSemicircular"/>
					<button id="LaplaceDistribution" label="Laplace" onAction="ribbon_functions.inputLaplace"/>
				</group>
				<group id="AdvancedDistributionData" label="Advanced input distribution">
					<menu id="twoParameters" label="Two parameter distributions">
						<button id="normal2" label="Normal" onAction="ribbon_functions.inputNormal"/>
						<button id="cauchy2" label="Cauchy" onAction="ribbon_functions.inputCauchyl"/>
						<button id="exponential2" label="Exponential" onAction="ribbon_functions.inputExponential"/>
						<button id="uniform2" label="Uniform" onAction="ribbon_functions.inputUniform"/>
						<button id="laplace2" label="Laplace" onAction="ribbon_functions.inputLaplace"/>
						<button id="semicircular2" label="Semicircular" onAction="ribbon_functions.inputSemicircular"/>
						<button id="gumble_r2" label="Gumble r" onAction="ribbon_functions.inputGumble_r"/>
					</menu>
					<menu id="threeParameters" label="Three parameter distributions">
						<button id="triangular3" label="Triangular" onAction="ribbon_functions.inputTriangular"/>
						<button id="rice3" label="Rice" onAction="ribbon_functions.inputRice"/>
						<button id="power_law3" label="Power law" onAction="ribbon_functions.inputPower_law"/>
						<button id="pareto3" label="Pareto" onAction="ribbon_functions.inputPareto"/>
						<button id="nakagami3" label="Nakagami" onAction="ribbon_functions.inputNakagami"/>
					</menu>
					<menu id="fourParameters" label="Four parameter distributions">
						<button id="bprime4" label="Beta prime" onAction="ribbon_functions.inputBetaPrime"/>
						<button id="mielke4" label="Mielke" onAction="ribbon_functions.inputMielke"/>
					</menu>
				</group>
				<group id="block_simulate" label="Simulate">
					<button id="simulate_regular" label="Simulate (regular shape)" onAction="ribbon_functions.regular_simulate"/>
					<button id="simulate_irregular" label="Simulate (irregular shape)" onAction="ribbon_functions.irregular_simulate"/>
				</group>
				<group id="cell_values" label="Cell values">
					<button id="sim_value" label="Sample values" onAction="ribbon_functions.cell_value_simulate"/>
					<button id="default_value" label="Default values" onAction="error_functions.default_values_wrapper"/>
					<button id="explain_error" label="Explain error" onAction="error_functions.explainErrorWrapper"/>
				</group>
				<group id="advanced_Simulate" label="Advanced simulation">
					<button id="advanced_simulation" label="Advanced simulation" onAction="advanced_simulation.advanced_simulation_cell_wrapper"/>
				</group>
			</tab>
		</tabs>
	</ribbon>
</customUI>


2021-07-27 00:06:14,587 - INFO : This product is licensed to 
2021-07-27 00:06:14,587 - INFO : The license will expire on 2021-08-21 (26 days left)
2021-07-27 00:06:14,597 - DEBUG : Calling pyxll._post_open.
2021-07-27 00:06:14,597 - DEBUG : Binding Python functions to Excel
2021-07-27 00:06:14,597 - DEBUG : Adding worksheet functions to Excel:
2021-07-27 00:06:14,597 - DEBUG :     - pyxll_version
2021-07-27 00:06:14,597 - DEBUG :     - python_version
2021-07-27 00:06:14,597 - DEBUG :     - win32api_is_installed
2021-07-27 00:06:14,597 - DEBUG :     - win32com_is_installed
2021-07-27 00:06:14,597 - DEBUG :     - numpy_is_installed
2021-07-27 00:06:14,597 - DEBUG :     - pyxll_logfile
2021-07-27 00:06:14,597 - DEBUG :     - get_formula
2021-07-27 00:06:14,597 - DEBUG :     - get_array_formula
2021-07-27 00:06:14,597 - DEBUG :     - get_last_error
2021-07-27 00:06:14,597 - DEBUG :     - basic_pyxll_function_1
2021-07-27 00:06:14,597 - DEBUG :     - basic_pyxll_function_2
2021-07-27 00:06:14,597 - DEBUG :     - basic_pyxll_function_3
2021-07-27 00:06:14,597 - DEBUG :     - var_pyxll_function_1
2021-07-27 00:06:14,597 - DEBUG :     - var_pyxll_function_2
2021-07-27 00:06:14,597 - DEBUG :     - datetime_pyxll_function_1
2021-07-27 00:06:14,597 - DEBUG :     - datetime_pyxll_function_2
2021-07-27 00:06:14,597 - DEBUG :     - datetime_pyxll_function_3
2021-07-27 00:06:14,597 - DEBUG :     - datetime_pyxll_function_4
2021-07-27 00:06:14,597 - DEBUG :     - xl_cell_example
2021-07-27 00:06:14,597 - DEBUG :     - recalc_on_open_test
2021-07-27 00:06:14,597 - DEBUG :     - formatted_datetime_pyxll_function
2021-07-27 00:06:14,597 - DEBUG :     - formatted_datetime_pyxll_function_2
2021-07-27 00:06:14,597 - DEBUG :     - one_cell_one_sim
2021-07-27 00:06:14,597 - DEBUG :     - one_row_one_sim
2021-07-27 00:06:14,604 - DEBUG : Adding menus to Excel:
2021-07-27 00:06:14,604 - DEBUG :   - PyXLL
2021-07-27 00:06:14,604 - DEBUG :     - Reload PyXLL
2021-07-27 00:06:14,604 - DEBUG :     - Another example menu item
2021-07-27 00:06:14,604 - DEBUG :     - More Examples
2021-07-27 00:06:14,604 - DEBUG :       - Click me
2021-07-27 00:06:14,604 - DEBUG :       - Unicode Test
2021-07-27 00:06:14,604 - DEBUG :     - Open log file
2021-07-27 00:06:14,604 - DEBUG :     - Attach To VS Code
2021-07-27 00:06:14,604 - DEBUG :     - Custom Task Panes
2021-07-27 00:06:14,604 - DEBUG :       - Qt
2021-07-27 00:06:14,604 - DEBUG :       - Tk
2021-07-27 00:06:14,604 - DEBUG :       - Wx
2021-07-27 00:06:14,604 - DEBUG :     - Example Menu Item 1
2021-07-27 00:06:14,604 - DEBUG :     - Show last error
2021-07-27 00:06:14,604 - DEBUG :     - About PyXLL...
2021-07-27 00:06:14,604 - DEBUG :   - PyXLL example menu
2021-07-27 00:06:14,604 - DEBUG :     - Click me
2021-07-27 00:06:14,612 - DEBUG : Finished binding Python functions
2021-07-27 00:06:14,612 - DEBUG : Calling on reload callback 'callbacks.on_reload'
2021-07-27 00:06:15,300 - DEBUG : pyxll._post_open complete.
2021-07-27 00:06:15,301 - DEBUG : PyXLL initialization complete.
2021-07-27 00:06:15,304 - DEBUG : Loading PyXLL COM Addin
2021-07-27 00:06:15,304 - DEBUG : Looking for addin PyXLL.PyXLL.
2021-07-27 00:06:15,307 - DEBUG : Loading addin PyXLL.PyXLL.
2021-07-27 00:06:15,422 - DEBUG : Loaded addin PyXLL.PyXLL.
2021-07-27 00:06:36,520 - ERROR : Error calling ribbon function 'advanced_simulation.advanced_simulation_cell_wrapper'
2021-07-27 00:06:41,398 - ERROR : Traceback (most recent call last):
2021-07-27 00:06:41,398 - ERROR :   File "C:\Users\ethan\Documents\simExcel\examples\advanced_simulation.py", line 135, in advanced_simulation_cell_wrapper
2021-07-27 00:06:41,398 - ERROR :     item we iterated through was on.
2021-07-27 00:06:41,398 - ERROR :   File "C:\Users\ethan\Documents\simExcel\examples\advanced_simulation.py", line 95, in advanced_simulation_cell
2021-07-27 00:06:41,398 - ERROR :     
2021-07-27 00:06:41,398 - ERROR :   File "C:\Users\ethan\Documents\simExcel\examples\advanced_simulation.py", line 129, in advanced_simulation_cell
2021-07-27 00:06:41,398 - ERROR :     #this adjusts the formula so it can be read and matched with our dictionary
2021-07-27 00:06:41,398 - ERROR :   File "C:\Users\ethan\AppData\Local\Programs\Python\Python38\lib\site-packages\py_expression_eval\__init__.py", line 552, in parse
2021-07-27 00:06:41,401 - ERROR :     self.error_parsing(self.pos, 'parity')
2021-07-27 00:06:41,401 - ERROR :   File "C:\Users\ethan\AppData\Local\Programs\Python\Python38\lib\site-packages\py_expression_eval\__init__.py", line 562, in error_parsing
2021-07-27 00:06:41,401 - ERROR :     raise Exception(self.errormsg)
2021-07-27 00:06:41,401 - ERROR : Exception: parse error [column 0]: parity, expression: 
2021-07-27 00:06:49,205 - ERROR : Error calling ribbon function 'advanced_simulation.advanced_simulation_cell_wrapper'
2021-07-27 00:06:51,256 - ERROR : Traceback (most recent call last):
2021-07-27 00:06:51,256 - ERROR :   File "C:\Users\ethan\Documents\simExcel\examples\advanced_simulation.py", line 135, in advanced_simulation_cell_wrapper
2021-07-27 00:06:51,257 - ERROR :     item we iterated through was on.
2021-07-27 00:06:51,257 - ERROR :   File "C:\Users\ethan\Documents\simExcel\examples\advanced_simulation.py", line 95, in advanced_simulation_cell
2021-07-27 00:06:51,257 - ERROR :     
2021-07-27 00:06:51,257 - ERROR :   File "C:\Users\ethan\Documents\simExcel\examples\advanced_simulation.py", line 129, in advanced_simulation_cell
2021-07-27 00:06:51,258 - ERROR :     #this adjusts the formula so it can be read and matched with our dictionary
2021-07-27 00:06:51,258 - ERROR :   File "C:\Users\ethan\AppData\Local\Programs\Python\Python38\lib\site-packages\py_expression_eval\__init__.py", line 552, in parse
2021-07-27 00:06:51,258 - ERROR :     self.error_parsing(self.pos, 'parity')
2021-07-27 00:06:51,258 - ERROR :   File "C:\Users\ethan\AppData\Local\Programs\Python\Python38\lib\site-packages\py_expression_eval\__init__.py", line 562, in error_parsing
2021-07-27 00:06:51,258 - ERROR :     raise Exception(self.errormsg)
2021-07-27 00:06:51,259 - ERROR : Exception: parse error [column 0]: parity, expression: 
2021-07-27 00:06:54,752 - DEBUG : Reading config file 'C:\Users\ethan\Documents\simExcel\pyxll.cfg'
2021-07-27 00:06:54,752 - INFO : 
------------------------------------------------------------------------------
  PyXLL 

  Version          5.1.1
  Buildtime        2021-04-28 17:21
  Python version   3.8
  Excel version    16.0 (64 bit)

  www.pyxll.com
------------------------------------------------------------------------------
2021-07-27 00:06:54,752 - DEBUG : Config file 'C:\Users\ethan\Documents\simExcel\pyxll.cfg' read.
2021-07-27 00:06:54,752 - WARNING : Python executable 'C:\Program Files\Python38\python.exe' does not exist.
2021-07-27 00:06:54,752 - DEBUG : -------- PyXLL config --------
2021-07-27 00:06:54,752 - DEBUG : [LOG]
2021-07-27 00:06:54,752 - DEBUG : encoding = utf-8
2021-07-27 00:06:54,752 - DEBUG : file = pyxll.20210727.log
2021-07-27 00:06:54,752 - DEBUG : format = %(asctime)s - %(levelname)s : %(message)s
2021-07-27 00:06:54,752 - DEBUG : path = C:\Users\ethan\Documents\simExcel\logs
2021-07-27 00:06:54,752 - DEBUG : verbosity = debug
2021-07-27 00:06:54,752 - DEBUG : 
2021-07-27 00:06:54,752 - DEBUG : [PYTHON]
2021-07-27 00:06:54,752 - DEBUG : executable = C:\Program Files\Python38\python.exe
2021-07-27 00:06:54,752 - DEBUG : pythonpath = C:\Users\ethan\Documents\simExcel\examples
2021-07-27 00:06:54,752 - DEBUG : 
2021-07-27 00:06:54,752 - DEBUG : [PYXLL]
2021-07-27 00:06:54,752 - DEBUG : clear_object_cache_on_reload = 1
2021-07-27 00:06:54,752 - DEBUG : developer_mode = 1
2021-07-27 00:06:54,752 - DEBUG : error_handler = pyxll.error_handler
2021-07-27 00:06:54,752 - DEBUG : modules = 
2021-07-27 00:06:54,752 - DEBUG :     misc
2021-07-27 00:06:54,752 - DEBUG :     worksheetfuncs
2021-07-27 00:06:54,752 - DEBUG :     menus
2021-07-27 00:06:54,752 - DEBUG :     callbacks
2021-07-27 00:06:54,752 - DEBUG :     custom_task_panes
2021-07-27 00:06:54,752 - DEBUG :     test
2021-07-27 00:06:54,752 - DEBUG :     ribbon_functions
2021-07-27 00:06:54,752 - DEBUG :     debugging
2021-07-27 00:06:54,752 - DEBUG :     meta_variables
2021-07-27 00:06:54,752 - DEBUG : ribbon = C:\Users\ethan\Documents\simExcel\examples\ribbon\custom.xml
2021-07-27 00:06:54,752 - DEBUG : ------------------------------
2021-07-27 00:06:54,752 - DEBUG : Prepending 'C:\Users\ethan\Documents\simExcel\examples' to the pythonpath.
2021-07-27 00:06:54,752 - DEBUG : Initializing PyXLL Python module.
2021-07-27 00:06:54,752 - DEBUG : pyxll.__file__ = C:\Users\ethan\Documents\simExcel\pyxll.xll
2021-07-27 00:06:54,752 - DEBUG : PyXLL Python module initialized.
2021-07-27 00:06:54,752 - DEBUG : Functions will not be cancellable by default.
2021-07-27 00:06:54,752 - DEBUG : Error handler set to pyxll.error_handler
2021-07-27 00:06:54,752 - DEBUG : Finding import dependencies for misc,worksheetfuncs,menus,callbacks,custom_task_panes,test,ribbon_functions,debugging,meta_variables
2021-07-27 00:06:54,803 - DEBUG : Found dependencies: misc,worksheetfuncs,menus,callbacks,custom_task_panes,test,meta_variables,error_functions,tkinter_frames,examples.tkinter_frames,examples,ribbon_functions,debugging
2021-07-27 00:06:54,803 - DEBUG : Reloading misc
2021-07-27 00:06:54,803 - DEBUG : Found worksheet function 'pyxll_version() -> var'
2021-07-27 00:06:54,803 - DEBUG : Found worksheet function 'python_version() -> var'
2021-07-27 00:06:54,803 - DEBUG : Found worksheet function 'win32api_is_installed() -> var'
2021-07-27 00:06:54,803 - DEBUG : Found worksheet function 'win32com_is_installed() -> var'
2021-07-27 00:06:54,803 - DEBUG : Found worksheet function 'numpy_is_installed() -> var'
2021-07-27 00:06:54,803 - DEBUG : Found worksheet function 'pyxll_logfile() -> var'
2021-07-27 00:06:54,803 - DEBUG : Found worksheet function 'get_formula(cell: xl_cell) -> str'
2021-07-27 00:06:54,803 - DEBUG : Found worksheet function 'get_array_formula(cell: xl_cell) -> str'
2021-07-27 00:06:54,811 - DEBUG : Found worksheet function 'get_last_error(cell: xl_cell) -> str'
2021-07-27 00:06:54,811 - DEBUG : Reloaded misc
2021-07-27 00:06:54,811 - DEBUG : Reloading worksheetfuncs
2021-07-27 00:06:54,811 - DEBUG : Found worksheet function 'basic_pyxll_function_1(x: var, y: var, z: var) -> var'
2021-07-27 00:06:54,812 - DEBUG : Found worksheet function 'basic_pyxll_function_2(x: int, y: float, z: bool) -> float'
2021-07-27 00:06:54,812 - DEBUG : Found worksheet function 'basic_pyxll_function_3(x: var) -> var'
2021-07-27 00:06:54,812 - DEBUG : Found worksheet function 'var_pyxll_function_1(x: var) -> str'
2021-07-27 00:06:54,812 - DEBUG : Found worksheet function 'var_pyxll_function_2(x: bool) -> var'
2021-07-27 00:06:54,812 - DEBUG : Found worksheet function 'datetime_pyxll_function_1(x: date) -> str'
2021-07-27 00:06:54,812 - DEBUG : Found worksheet function 'datetime_pyxll_function_2(x: time) -> str'
2021-07-27 00:06:54,812 - DEBUG : Found worksheet function 'datetime_pyxll_function_3(x: datetime) -> str'
2021-07-27 00:06:54,812 - DEBUG : Found worksheet function 'datetime_pyxll_function_4(x: datetime[][]) -> datetime'
2021-07-27 00:06:54,812 - DEBUG : Found worksheet function 'xl_cell_example(cell: xl_cell) -> str'
2021-07-27 00:06:54,812 - DEBUG : Found worksheet function 'recalc_on_open_test() -> var'
2021-07-27 00:06:54,812 - DEBUG : Found worksheet function 'formatted_datetime_pyxll_function() -> var'
2021-07-27 00:06:54,812 - DEBUG : Found worksheet function 'formatted_datetime_pyxll_function_2() -> var'
2021-07-27 00:06:54,812 - DEBUG : Reloaded worksheetfuncs
2021-07-27 00:06:54,812 - DEBUG : Reloading menus
2021-07-27 00:06:54,812 - DEBUG : Found menu item 'Example Menu Item 1' in 'None' mapped to 'on_example_menu_item_1'
2021-07-27 00:06:54,812 - DEBUG : Found menu item 'Another example menu item' in 'None' mapped to 'on_example_menu_item_2'
2021-07-27 00:06:54,812 - DEBUG : Found menu item 'Click me' in 'PyXLL example menu' mapped to 'on_example_menu_item_3'
2021-07-27 00:06:54,812 - DEBUG : Found menu item 'Click me' in 'None/More Examples' mapped to 'on_example_submenu_item_1'
2021-07-27 00:06:54,812 - DEBUG : Found menu item 'Unicode Test' in 'None/More Examples' mapped to 'on_unicode_test'
2021-07-27 00:06:54,812 - DEBUG : Found menu item 'Open log file' in 'None' mapped to 'on_open_logfile'
2021-07-27 00:06:54,812 - DEBUG : Found menu item 'Show last error' in 'None' mapped to 'show_last_error'
2021-07-27 00:06:54,812 - DEBUG : Reloaded menus
2021-07-27 00:06:54,812 - DEBUG : Reloading callbacks
2021-07-27 00:06:54,812 - DEBUG : Reloaded callbacks
2021-07-27 00:06:54,812 - DEBUG : Reloading custom_task_panes
2021-07-27 00:06:54,812 - DEBUG : Found menu item 'Tk' in 'None/Custom Task Panes' mapped to 'tk_ctp_menu'
2021-07-27 00:06:54,812 - DEBUG : Found menu item 'Qt' in 'None/Custom Task Panes' mapped to 'qt_ctp_menu'
2021-07-27 00:06:54,812 - DEBUG : Found menu item 'Wx' in 'None/Custom Task Panes' mapped to 'wx_ctp_menu'
2021-07-27 00:06:54,812 - DEBUG : Reloaded custom_task_panes
2021-07-27 00:06:54,812 - DEBUG : Reloading test
2021-07-27 00:06:54,812 - DEBUG : Reloaded test
2021-07-27 00:06:54,812 - DEBUG : Reloading meta_variables
2021-07-27 00:06:54,826 - DEBUG : Reloaded meta_variables
2021-07-27 00:06:54,826 - DEBUG : Reloading dependency error_functions
2021-07-27 00:06:54,835 - DEBUG : Reloaded dependency error_functions
2021-07-27 00:06:54,835 - DEBUG : Reloading dependency tkinter_frames
2021-07-27 00:06:54,835 - DEBUG : Reloaded dependency tkinter_frames
2021-07-27 00:06:54,835 - DEBUG : Reloading dependency examples.tkinter_frames
2021-07-27 00:06:54,835 - DEBUG : Reloaded dependency examples.tkinter_frames
2021-07-27 00:06:54,835 - DEBUG : Reloading dependency examples
2021-07-27 00:06:54,835 - DEBUG : Reloaded dependency examples
2021-07-27 00:06:54,835 - DEBUG : Reloading ribbon_functions
2021-07-27 00:06:54,835 - DEBUG : Found worksheet function 'one_cell_one_sim(input_string: var = {'N': {'num_params': 2, 'scipy_handle': <scipy.stats._continuous_distns.norm_gen object at 0x00000187FA3CE550>, 'params': 'mean, variance', 'Name': 'Normal Distribution'}, 'C': {'num_params': 2, 'scipy_handle': <scipy.stats._continuous_distns.cauchy_gen object at 0x00000187FA435070>, 'params': 'mean, scaling', 'Name': 'Cauchy'}, 'E': {'num_params': 2, 'scipy_handle': <scipy.stats._continuous_distns.expon_gen object at 0x00000187FA442070>, 'params': 'loc, scale', 'Name': 'Exponential'}, 'U': {'num_params': 2, 'scipy_handle': <scipy.stats._continuous_distns.uniform_gen object at 0x00000187FA4CD9A0>, 'params': 'loc, scale', 'Name': 'Uniform'}, 'L': {'num_params': 2, 'scipy_handle': <scipy.stats._continuous_distns.laplace_gen object at 0x00000187FA47BCA0>, 'params': 'loc, scale', 'Name': 'Laplce'}, 'Semicircular': {'num_params': 2, 'scipy_handle': <scipy.stats._continuous_distns.semicircular_gen object at 0x00000187FA4C5160>, 'params': 'loc, scale', 'Name': 'Semicircular'}, 'Gumble_r': {'num_params': 2, 'scipy_handle': <scipy.stats._continuous_distns.gumbel_r_gen object at 0x00000187FA463670>, 'params': 'loc, scale', 'Name': 'Gumble_r'}, 'T': {'num_params': 3, 'scipy_handle': <scipy.stats._continuous_distns.triang_gen object at 0x00000187FA4C5FA0>, 'params': 'c, loc, scale', 'Name': 'Triangular'}, 'Rice': {'num_params': 3, 'scipy_handle': <scipy.stats._continuous_distns.rice_gen object at 0x00000187FA4B8DC0>, 'params': 'b, loc, scale', 'Name': 'Rice'}, 'Power_law': {'num_params': 3, 'scipy_handle': <scipy.stats._continuous_distns.powerlaw_gen object at 0x00000187FA4A9AF0>, 'params': 'a, loc, scale', 'Name': 'Power law'}, 'Pareto': {'num_params': 3, 'scipy_handle': <scipy.stats._continuous_distns.pareto_gen object at 0x00000187FA4A9100>, 'params': 'b, loc, scale', 'Name': 'Pareto'}, 'Nakagami': {'num_params': 3, 'scipy_handle': <scipy.stats._continuous_distns.nakagami_gen object at 0x00000187FA4913A0>, 'params': 'nu, loc, scale', 'Name': 'Nakagami'}, 'Bprime': {'num_params': 4, 'scipy_handle': <scipy.stats._continuous_distns.betaprime_gen object at 0x00000187FA4263D0>, 'params': 'a, b, loc, scale', 'Name': 'Beta prime'}, 'Mielke': {'num_params': 4, 'scipy_handle': <scipy.stats._continuous_distns.mielke_gen object at 0x00000187FA4979D0>, 'params': 'k, s, loc, scale', 'Name': 'Mielke'}}, distributions_dictionary: var = {'N': {'num_params': 2, 'scipy_handle': <scipy.stats._continuous_distns.norm_gen object at 0x00000187FA3CE550>, 'params': 'mean, variance', 'Name': 'Normal Distribution'}, 'C': {'num_params': 2, 'scipy_handle': <scipy.stats._continuous_distns.cauchy_gen object at 0x00000187FA435070>, 'params': 'mean, scaling', 'Name': 'Cauchy'}, 'E': {'num_params': 2, 'scipy_handle': <scipy.stats._continuous_distns.expon_gen object at 0x00000187FA442070>, 'params': 'loc, scale', 'Name': 'Exponential'}, 'U': {'num_params': 2, 'scipy_handle': <scipy.stats._continuous_distns.uniform_gen object at 0x00000187FA4CD9A0>, 'params': 'loc, scale', 'Name': 'Uniform'}, 'L': {'num_params': 2, 'scipy_handle': <scipy.stats._continuous_distns.laplace_gen object at 0x00000187FA47BCA0>, 'params': 'loc, scale', 'Name': 'Laplce'}, 'Semicircular': {'num_params': 2, 'scipy_handle': <scipy.stats._continuous_distns.semicircular_gen object at 0x00000187FA4C5160>, 'params': 'loc, scale', 'Name': 'Semicircular'}, 'Gumble_r': {'num_params': 2, 'scipy_handle': <scipy.stats._continuous_distns.gumbel_r_gen object at 0x00000187FA463670>, 'params': 'loc, scale', 'Name': 'Gumble_r'}, 'T': {'num_params': 3, 'scipy_handle': <scipy.stats._continuous_distns.triang_gen object at 0x00000187FA4C5FA0>, 'params': 'c, loc, scale', 'Name': 'Triangular'}, 'Rice': {'num_params': 3, 'scipy_handle': <scipy.stats._continuous_distns.rice_gen object at 0x00000187FA4B8DC0>, 'params': 'b, loc, scale', 'Name': 'Rice'}, 'Power_law': {'num_params': 3, 'scipy_handle': <scipy.stats._continuous_distns.powerlaw_gen object at 0x00000187FA4A9AF0>, 'params': 'a, loc, scale', 'Name': 'Power law'}, 'Pareto': {'num_params': 3, 'scipy_handle': <scipy.stats._continuous_distns.pareto_gen object at 0x00000187FA4A9100>, 'params': 'b, loc, scale', 'Name': 'Pareto'}, 'Nakagami': {'num_params': 3, 'scipy_handle': <scipy.stats._continuous_distns.nakagami_gen object at 0x00000187FA4913A0>, 'params': 'nu, loc, scale', 'Name': 'Nakagami'}, 'Bprime': {'num_params': 4, 'scipy_handle': <scipy.stats._continuous_distns.betaprime_gen object at 0x00000187FA4263D0>, 'params': 'a, b, loc, scale', 'Name': 'Beta prime'}, 'Mielke': {'num_params': 4, 'scipy_handle': <scipy.stats._continuous_distns.mielke_gen object at 0x00000187FA4979D0>, 'params': 'k, s, loc, scale', 'Name': 'Mielke'}}) -> var'
2021-07-27 00:06:54,835 - DEBUG : Found worksheet function 'one_row_one_sim(input_row: var) -> var'
2021-07-27 00:06:54,835 - DEBUG : Reloaded ribbon_functions
2021-07-27 00:06:54,835 - DEBUG : Reloading debugging
2021-07-27 00:06:54,835 - DEBUG : Found menu item 'Attach To VS Code' in 'None' mapped to 'vscode_enable_attach'
2021-07-27 00:06:54,835 - DEBUG : Reloaded debugging
2021-07-27 00:06:54,865 - DEBUG : Reading ribbon XML file 'C:\Users\ethan\Documents\simExcel\examples\ribbon\custom.xml'
2021-07-27 00:06:54,880 - DEBUG : <customUI xmlns="http://schemas.microsoft.com/office/2006/01/customui" loadImage="pyxll.load_image">
	<ribbon>
		<tabs>
			<tab id="CustomTab" label="Custom Tab">
				<group id="ContentGroup" label="Content">
					<button id="addOne" label="Add one" onAction="ribbon_functions.on_text_button"/>
					<button id="plotDistribution" label="Visualize distribution" onAction="ribbon_functions.display_distribution"/>
					<button id="distributionInfo" label="Distribution info" onAction="ribbon_functions.distribution_info"/>
				</group>
				<group id="Tools" label="Tools">
					<button id="Reload" image="C:\Users\ethan\Documents\simExcel\examples\ribbon\icons\reload.png" label="Reload PyXLL" onAction="pyxll.reload" size="large"/>
				</group>
				<group id="DistributionData" label="input distribution">
					<button id="NormalDistribution" label="Normal" onAction="ribbon_functions.inputNormal"/>
					<button id="TriangularDistribution" label="Triangular" onAction="ribbon_functions.inputTriangular"/>
					<button id="ExponentialDistribution" label="Exponential" onAction="ribbon_functions.inputExponential"/>
					<button id="UniformDistribution" label="Uniform" onAction="ribbon_functions.inputUniform"/>
					<button id="SemicircularDistribution" label="Semicircular" onAction="ribbon_functions.inputSemicircular"/>
					<button id="LaplaceDistribution" label="Laplace" onAction="ribbon_functions.inputLaplace"/>
				</group>
				<group id="AdvancedDistributionData" label="Advanced input distribution">
					<menu id="twoParameters" label="Two parameter distributions">
						<button id="normal2" label="Normal" onAction="ribbon_functions.inputNormal"/>
						<button id="cauchy2" label="Cauchy" onAction="ribbon_functions.inputCauchyl"/>
						<button id="exponential2" label="Exponential" onAction="ribbon_functions.inputExponential"/>
						<button id="uniform2" label="Uniform" onAction="ribbon_functions.inputUniform"/>
						<button id="laplace2" label="Laplace" onAction="ribbon_functions.inputLaplace"/>
						<button id="semicircular2" label="Semicircular" onAction="ribbon_functions.inputSemicircular"/>
						<button id="gumble_r2" label="Gumble r" onAction="ribbon_functions.inputGumble_r"/>
					</menu>
					<menu id="threeParameters" label="Three parameter distributions">
						<button id="triangular3" label="Triangular" onAction="ribbon_functions.inputTriangular"/>
						<button id="rice3" label="Rice" onAction="ribbon_functions.inputRice"/>
						<button id="power_law3" label="Power law" onAction="ribbon_functions.inputPower_law"/>
						<button id="pareto3" label="Pareto" onAction="ribbon_functions.inputPareto"/>
						<button id="nakagami3" label="Nakagami" onAction="ribbon_functions.inputNakagami"/>
					</menu>
					<menu id="fourParameters" label="Four parameter distributions">
						<button id="bprime4" label="Beta prime" onAction="ribbon_functions.inputBetaPrime"/>
						<button id="mielke4" label="Mielke" onAction="ribbon_functions.inputMielke"/>
					</menu>
				</group>
				<group id="block_simulate" label="Simulate">
					<button id="simulate_regular" label="Simulate (regular shape)" onAction="ribbon_functions.regular_simulate"/>
					<button id="simulate_irregular" label="Simulate (irregular shape)" onAction="ribbon_functions.irregular_simulate"/>
				</group>
				<group id="cell_values" label="Cell values">
					<button id="sim_value" label="Sample values" onAction="ribbon_functions.cell_value_simulate"/>
					<button id="default_value" label="Default values" onAction="error_functions.default_values_wrapper"/>
					<button id="explain_error" label="Explain error" onAction="error_functions.explainErrorWrapper"/>
				</group>
				<group id="advanced_Simulate" label="Advanced simulation">
					<button id="advanced_simulation" label="Advanced simulation" onAction="advanced_simulation.advanced_simulation_cell_wrapper"/>
				</group>
			</tab>
		</tabs>
	</ribbon>
</customUI>


2021-07-27 00:06:54,894 - INFO : This product is licensed to 
2021-07-27 00:06:54,894 - INFO : The license will expire on 2021-08-21 (26 days left)
2021-07-27 00:06:54,897 - DEBUG : Calling pyxll._post_open.
2021-07-27 00:06:54,897 - DEBUG : Binding Python functions to Excel
2021-07-27 00:06:54,897 - DEBUG : Adding worksheet functions to Excel:
2021-07-27 00:06:54,897 - DEBUG :     - pyxll_version
2021-07-27 00:06:54,897 - DEBUG :     - python_version
2021-07-27 00:06:54,897 - DEBUG :     - win32api_is_installed
2021-07-27 00:06:54,897 - DEBUG :     - win32com_is_installed
2021-07-27 00:06:54,897 - DEBUG :     - numpy_is_installed
2021-07-27 00:06:54,897 - DEBUG :     - pyxll_logfile
2021-07-27 00:06:54,897 - DEBUG :     - get_formula
2021-07-27 00:06:54,897 - DEBUG :     - get_array_formula
2021-07-27 00:06:54,897 - DEBUG :     - get_last_error
2021-07-27 00:06:54,897 - DEBUG :     - basic_pyxll_function_1
2021-07-27 00:06:54,897 - DEBUG :     - basic_pyxll_function_2
2021-07-27 00:06:54,897 - DEBUG :     - basic_pyxll_function_3
2021-07-27 00:06:54,897 - DEBUG :     - var_pyxll_function_1
2021-07-27 00:06:54,897 - DEBUG :     - var_pyxll_function_2
2021-07-27 00:06:54,897 - DEBUG :     - datetime_pyxll_function_1
2021-07-27 00:06:54,897 - DEBUG :     - datetime_pyxll_function_2
2021-07-27 00:06:54,897 - DEBUG :     - datetime_pyxll_function_3
2021-07-27 00:06:54,897 - DEBUG :     - datetime_pyxll_function_4
2021-07-27 00:06:54,897 - DEBUG :     - xl_cell_example
2021-07-27 00:06:54,898 - DEBUG :     - recalc_on_open_test
2021-07-27 00:06:54,898 - DEBUG :     - formatted_datetime_pyxll_function
2021-07-27 00:06:54,898 - DEBUG :     - formatted_datetime_pyxll_function_2
2021-07-27 00:06:54,898 - DEBUG :     - one_cell_one_sim
2021-07-27 00:06:54,898 - DEBUG :     - one_row_one_sim
2021-07-27 00:06:54,898 - DEBUG : Adding menus to Excel:
2021-07-27 00:06:54,898 - DEBUG :   - PyXLL
2021-07-27 00:06:54,898 - DEBUG :     - Reload PyXLL
2021-07-27 00:06:54,898 - DEBUG :     - Another example menu item
2021-07-27 00:06:54,898 - DEBUG :     - More Examples
2021-07-27 00:06:54,898 - DEBUG :       - Click me
2021-07-27 00:06:54,898 - DEBUG :       - Unicode Test
2021-07-27 00:06:54,898 - DEBUG :     - Open log file
2021-07-27 00:06:54,898 - DEBUG :     - Attach To VS Code
2021-07-27 00:06:54,898 - DEBUG :     - Custom Task Panes
2021-07-27 00:06:54,898 - DEBUG :       - Qt
2021-07-27 00:06:54,898 - DEBUG :       - Tk
2021-07-27 00:06:54,898 - DEBUG :       - Wx
2021-07-27 00:06:54,898 - DEBUG :     - Example Menu Item 1
2021-07-27 00:06:54,898 - DEBUG :     - Show last error
2021-07-27 00:06:54,898 - DEBUG :     - About PyXLL...
2021-07-27 00:06:54,898 - DEBUG :   - PyXLL example menu
2021-07-27 00:06:54,898 - DEBUG :     - Click me
2021-07-27 00:06:54,898 - DEBUG : Finished binding Python functions
2021-07-27 00:06:54,898 - DEBUG : Calling on reload callback 'callbacks.on_reload'
2021-07-27 00:06:55,535 - DEBUG : pyxll._post_open complete.
2021-07-27 00:06:55,535 - DEBUG : PyXLL initialization complete.
2021-07-27 00:06:55,538 - DEBUG : Loading PyXLL COM Addin
2021-07-27 00:06:55,538 - DEBUG : Looking for addin PyXLL.PyXLL.
2021-07-27 00:06:55,539 - DEBUG : Loading addin PyXLL.PyXLL.
2021-07-27 00:06:55,589 - DEBUG : Loaded addin PyXLL.PyXLL.
2021-07-27 00:06:58,843 - ERROR : Error calling ribbon function 'advanced_simulation.advanced_simulation_cell_wrapper'
2021-07-27 00:07:16,070 - ERROR : Traceback (most recent call last):
2021-07-27 00:07:16,070 - ERROR :   File "C:\Users\ethan\Documents\simExcel\examples\advanced_simulation.py", line 135, in advanced_simulation_cell_wrapper
2021-07-27 00:07:16,071 - ERROR :     item we iterated through was on.
2021-07-27 00:07:16,071 - ERROR :   File "C:\Users\ethan\Documents\simExcel\examples\advanced_simulation.py", line 95, in advanced_simulation_cell
2021-07-27 00:07:16,072 - ERROR :     
2021-07-27 00:07:16,072 - ERROR :   File "C:\Users\ethan\Documents\simExcel\examples\advanced_simulation.py", line 129, in advanced_simulation_cell
2021-07-27 00:07:16,072 - ERROR :     #this adjusts the formula so it can be read and matched with our dictionary
2021-07-27 00:07:16,072 - ERROR :   File "C:\Users\ethan\AppData\Local\Programs\Python\Python38\lib\site-packages\py_expression_eval\__init__.py", line 552, in parse
2021-07-27 00:07:16,072 - ERROR :     self.error_parsing(self.pos, 'parity')
2021-07-27 00:07:16,072 - ERROR :   File "C:\Users\ethan\AppData\Local\Programs\Python\Python38\lib\site-packages\py_expression_eval\__init__.py", line 562, in error_parsing
2021-07-27 00:07:16,072 - ERROR :     raise Exception(self.errormsg)
2021-07-27 00:07:16,072 - ERROR : Exception: parse error [column 0]: parity, expression: 
2021-07-27 00:08:04,419 - ERROR : Error calling ribbon function 'advanced_simulation.advanced_simulation_cell_wrapper'
2021-07-27 00:08:06,808 - ERROR : Traceback (most recent call last):
2021-07-27 00:08:06,809 - ERROR :   File "C:\Users\ethan\Documents\simExcel\examples\advanced_simulation.py", line 135, in advanced_simulation_cell_wrapper
2021-07-27 00:08:06,809 - ERROR :     item we iterated through was on.
2021-07-27 00:08:06,809 - ERROR :   File "C:\Users\ethan\Documents\simExcel\examples\advanced_simulation.py", line 95, in advanced_simulation_cell
2021-07-27 00:08:06,810 - ERROR :     
2021-07-27 00:08:06,810 - ERROR :   File "C:\Users\ethan\Documents\simExcel\examples\advanced_simulation.py", line 129, in advanced_simulation_cell
2021-07-27 00:08:06,810 - ERROR :     #this adjusts the formula so it can be read and matched with our dictionary
2021-07-27 00:08:06,811 - ERROR :   File "C:\Users\ethan\AppData\Local\Programs\Python\Python38\lib\site-packages\py_expression_eval\__init__.py", line 552, in parse
2021-07-27 00:08:06,811 - ERROR :     self.error_parsing(self.pos, 'parity')
2021-07-27 00:08:06,811 - ERROR :   File "C:\Users\ethan\AppData\Local\Programs\Python\Python38\lib\site-packages\py_expression_eval\__init__.py", line 562, in error_parsing
2021-07-27 00:08:06,812 - ERROR :     raise Exception(self.errormsg)
2021-07-27 00:08:06,812 - ERROR : Exception: parse error [column 0]: parity, expression: 
2021-07-27 00:08:47,692 - DEBUG : Closing PyXLL Python module.
2021-07-27 00:08:47,693 - DEBUG : Calling on close callback 'callbacks.on_close'
2021-07-27 00:08:47,693 - INFO : callbacks.on_close: PyXLL is closing
2021-07-27 00:08:47,693 - DEBUG : PyXLL Python module closed.
2021-07-27 00:08:52,837 - DEBUG : 
Tue Jul 27 00:08:52 2021
---------- PyXLL Stopped ----------
